<?xml version="1.0" encoding="UTF-8"?>
<testsuite name="reglasnegocio.ReglaPlacaTest" tests="2" skipped="0" failures="0" errors="0" timestamp="2018-08-01T20:27:26" hostname="JESSICA-ALARCON" time="0.053">
  <properties/>
  <testcase name="PlacaEsAYNoEsDiaHabil" classname="reglasnegocio.ReglaPlacaTest" time="0.053"/>
  <testcase name="PlacaNoEsA" classname="reglasnegocio.ReglaPlacaTest" time="0.0"/>
  <system-out><![CDATA[]]></system-out>
  <system-err><![CDATA[]]></system-err>
</testsuite>
