<?xml version="1.0" encoding="UTF-8"?>
<testsuite name="dominioTest.VigilanteTest" tests="4" skipped="0" failures="0" errors="0" timestamp="2018-08-01T20:27:26" hostname="JESSICA-ALARCON" time="0.37">
  <properties/>
  <testcase name="ingresarMotoTest" classname="dominioTest.VigilanteTest" time="0.31"/>
  <testcase name="ingresarCarroTest" classname="dominioTest.VigilanteTest" time="0.017"/>
  <testcase name="existeVehiculoTests" classname="dominioTest.VigilanteTest" time="0.018"/>
  <testcase name="noExisteVehiculoTests" classname="dominioTest.VigilanteTest" time="0.021"/>
  <system-out><![CDATA[2018-08-01 15:27:25.729  INFO 10824 --- [    Test worker] .b.t.c.SpringBootTestContextBootstrapper : Neither @ContextConfiguration nor @ContextHierarchy found for test class [dominioTest.VigilanteTest], using SpringBootContextLoader
2018-08-01 15:27:25.730  INFO 10824 --- [    Test worker] o.s.t.c.support.AbstractContextLoader    : Could not detect default resource locations for test class [dominioTest.VigilanteTest]: no resource found for suffixes {-context.xml, Context.groovy}.
2018-08-01 15:27:25.763  INFO 10824 --- [    Test worker] .b.t.c.SpringBootTestContextBootstrapper : Loaded default TestExecutionListener class names from location [META-INF/spring.factories]: [org.springframework.boot.test.autoconfigure.restdocs.RestDocsTestExecutionListener, org.springframework.boot.test.autoconfigure.web.client.MockRestServiceServerResetTestExecutionListener, org.springframework.boot.test.autoconfigure.web.servlet.MockMvcPrintOnlyOnFailureTestExecutionListener, org.springframework.boot.test.autoconfigure.web.servlet.WebDriverTestExecutionListener, org.springframework.boot.test.mock.mockito.MockitoTestExecutionListener, org.springframework.boot.test.mock.mockito.ResetMocksTestExecutionListener, org.springframework.test.context.web.ServletTestExecutionListener, org.springframework.test.context.support.DirtiesContextBeforeModesTestExecutionListener, org.springframework.test.context.support.DependencyInjectionTestExecutionListener, org.springframework.test.context.support.DirtiesContextTestExecutionListener, org.springframework.test.context.transaction.TransactionalTestExecutionListener, org.springframework.test.context.jdbc.SqlScriptsTestExecutionListener]
2018-08-01 15:27:25.763  INFO 10824 --- [    Test worker] .b.t.c.SpringBootTestContextBootstrapper : Using TestExecutionListeners: [org.springframework.test.context.web.ServletTestExecutionListener@162bc45f, org.springframework.test.context.support.DirtiesContextBeforeModesTestExecutionListener@1d1365df, org.springframework.boot.test.mock.mockito.MockitoTestExecutionListener@271ec471, org.springframework.boot.test.autoconfigure.SpringBootDependencyInjectionTestExecutionListener@18ba8c15, org.springframework.test.context.support.DirtiesContextTestExecutionListener@50fbba61, org.springframework.test.context.transaction.TransactionalTestExecutionListener@5640103c, org.springframework.test.context.jdbc.SqlScriptsTestExecutionListener@72c7bc9, org.springframework.boot.test.autoconfigure.restdocs.RestDocsTestExecutionListener@4b3a951d, org.springframework.boot.test.autoconfigure.web.client.MockRestServiceServerResetTestExecutionListener@469f06a9, org.springframework.boot.test.autoconfigure.web.servlet.MockMvcPrintOnlyOnFailureTestExecutionListener@10882fb6, org.springframework.boot.test.autoconfigure.web.servlet.WebDriverTestExecutionListener@749eec5d, org.springframework.boot.test.mock.mockito.ResetMocksTestExecutionListener@6b931dae]

  .   ____          _            __ _ _
 /\\ / ___'_ __ _ _(_)_ __  __ _ \ \ \ \
( ( )\___ | '_ | '_| | '_ \/ _` | \ \ \ \
 \\/  ___)| |_)| | | | | || (_| |  ) ) ) )
  '  |____| .__|_| |_|_| |_\__, | / / / /
 =========|_|==============|___/=/_/_/_/
 :: Spring Boot ::        (v2.0.3.RELEASE)

2018-08-01 15:27:25.813  INFO 10824 --- [    Test worker] dominioTest.VigilanteTest                : Starting VigilanteTest on JESSICA-ALARCON with PID 10824 (started by jessica.alarcon in C:\Users\jessica.alarcon\Documents\ceiba-parqueadero)
2018-08-01 15:27:25.815  INFO 10824 --- [    Test worker] dominioTest.VigilanteTest                : No active profile set, falling back to default profiles: default
2018-08-01 15:27:25.818  INFO 10824 --- [    Test worker] o.s.w.c.s.GenericWebApplicationContext   : Refreshing org.springframework.web.context.support.GenericWebApplicationContext@60990bc: startup date [Wed Aug 01 15:27:25 COT 2018]; root of context hierarchy
2018-08-01 15:27:25.961  INFO 10824 --- [    Test worker] beddedDataSourceBeanFactoryPostProcessor : Replacing 'dataSource' DataSource bean with embedded version
2018-08-01 15:27:25.963  INFO 10824 --- [    Test worker] o.s.b.f.s.DefaultListableBeanFactory     : Overriding bean definition for bean 'dataSource' with a different definition: replacing [Root bean: class [null]; scope=; abstract=false; lazyInit=false; autowireMode=3; dependencyCheck=0; autowireCandidate=true; primary=false; factoryBeanName=org.springframework.boot.autoconfigure.jdbc.DataSourceConfiguration$Hikari; factoryMethodName=dataSource; initMethodName=null; destroyMethodName=(inferred); defined in class path resource [org/springframework/boot/autoconfigure/jdbc/DataSourceConfiguration$Hikari.class]] with [Root bean: class [org.springframework.boot.test.autoconfigure.jdbc.TestDatabaseAutoConfiguration$EmbeddedDataSourceFactoryBean]; scope=; abstract=false; lazyInit=false; autowireMode=0; dependencyCheck=0; autowireCandidate=true; primary=false; factoryBeanName=null; factoryMethodName=null; initMethodName=null; destroyMethodName=null]
2018-08-01 15:27:26.032  INFO 10824 --- [    Test worker] o.s.j.d.e.EmbeddedDatabaseFactory        : Starting embedded database: url='jdbc:h2:mem:af712755-9d54-416b-8e14-4e100ce68477;DB_CLOSE_DELAY=-1;DB_CLOSE_ON_EXIT=false', username='sa'
2018-08-01 15:27:26.120  INFO 10824 --- [    Test worker] j.LocalContainerEntityManagerFactoryBean : Building JPA container EntityManagerFactory for persistence unit 'default'
2018-08-01 15:27:26.121  INFO 10824 --- [    Test worker] o.hibernate.jpa.internal.util.LogHelper  : HHH000204: Processing PersistenceUnitInfo [
	name: default
	...]
2018-08-01 15:27:26.135  INFO 10824 --- [    Test worker] org.hibernate.dialect.Dialect            : HHH000400: Using dialect: org.hibernate.dialect.H2Dialect
Hibernate: drop table recibo if exists
Hibernate: drop table vehiculo if exists
Hibernate: drop sequence if exists hibernate_sequence
Hibernate: create sequence hibernate_sequence start with 1 increment by 1
Hibernate: create table recibo (id bigint not null, fecha_de_ingreso timestamp not null, fecha_de_salida timestamp not null, total double, vehiculo_entity_id bigint, primary key (id))
Hibernate: create table vehiculo (id bigint not null, cilindraje integer, placa varchar(255) not null, tipo varchar(255) not null, primary key (id))
Hibernate: alter table recibo add constraint FKcocc2h2woefvb7vt9hjocolns foreign key (vehiculo_entity_id) references vehiculo
2018-08-01 15:27:26.195  INFO 10824 --- [    Test worker] o.h.t.schema.internal.SchemaCreatorImpl  : HHH000476: Executing import script 'org.hibernate.tool.schema.internal.exec.ScriptSourceInputNonExistentImpl@71cf0891'
2018-08-01 15:27:26.195  INFO 10824 --- [    Test worker] o.h.h.i.QueryTranslatorFactoryInitiator  : HHH000397: Using ASTQueryTranslatorFactory
2018-08-01 15:27:26.206  INFO 10824 --- [    Test worker] j.LocalContainerEntityManagerFactoryBean : Initialized JPA EntityManagerFactory for persistence unit 'default'
2018-08-01 15:27:26.263  WARN 10824 --- [    Test worker] aWebConfiguration$JpaWebMvcConfiguration : spring.jpa.open-in-view is enabled by default. Therefore, database queries may be performed during view rendering. Explicitly configure spring.jpa.open-in-view to disable this warning
2018-08-01 15:27:26.376  INFO 10824 --- [    Test worker] dominioTest.VigilanteTest                : Started VigilanteTest in 0.609 seconds (JVM running for 12.512)
2018-08-01 15:27:26.557  INFO 10824 --- [    Test worker] o.s.t.c.transaction.TransactionContext   : Began transaction (1) for test context [DefaultTestContext@16995564 testClass = VigilanteTest, testInstance = dominioTest.VigilanteTest@2ee822eb, testMethod = ingresarMotoTest@VigilanteTest, testException = [null], mergedContextConfiguration = [WebMergedContextConfiguration@739c41b1 testClass = VigilanteTest, locations = '{}', classes = '{class com.example.ceibaparqueadero.CeibaParqueaderoApplication, class com.example.ceibaparqueadero.CeibaParqueaderoApplication}', contextInitializerClasses = '[]', activeProfiles = '{}', propertySourceLocations = '{}', propertySourceProperties = '{org.springframework.boot.test.context.SpringBootTestContextBootstrapper=true}', contextCustomizers = set[org.springframework.boot.test.autoconfigure.OverrideAutoConfigurationContextCustomizerFactory$DisableAutoConfigurationContextCustomizer@218e68c0, org.springframework.boot.test.autoconfigure.filter.TypeExcludeFiltersContextCustomizer@351584c0, org.springframework.boot.test.autoconfigure.properties.PropertyMappingContextCustomizer@571b645a, org.springframework.boot.test.autoconfigure.web.servlet.WebDriverContextCustomizerFactory$Customizer@7a1310db, [ImportsContextCustomizer@2297d3e2 key = [org.springframework.boot.autoconfigure.cache.CacheAutoConfiguration, org.springframework.boot.autoconfigure.data.jpa.JpaRepositoriesAutoConfiguration, org.springframework.boot.autoconfigure.flyway.FlywayAutoConfiguration, org.springframework.boot.autoconfigure.jdbc.DataSourceAutoConfiguration, org.springframework.boot.autoconfigure.jdbc.DataSourceTransactionManagerAutoConfiguration, org.springframework.boot.autoconfigure.jdbc.JdbcTemplateAutoConfiguration, org.springframework.boot.autoconfigure.liquibase.LiquibaseAutoConfiguration, org.springframework.boot.autoconfigure.orm.jpa.HibernateJpaAutoConfiguration, org.springframework.boot.autoconfigure.transaction.TransactionAutoConfiguration, org.springframework.boot.test.autoconfigure.jdbc.TestDatabaseAutoConfiguration, org.springframework.boot.test.autoconfigure.orm.jpa.TestEntityManagerAutoConfiguration]], org.springframework.boot.test.context.filter.ExcludeFilterContextCustomizer@5cf4f6e9, org.springframework.boot.test.json.DuplicateJsonObjectContextCustomizerFactory$DuplicateJsonObjectContextCustomizer@727e2a11, org.springframework.boot.test.mock.mockito.MockitoContextCustomizer@0, org.springframework.boot.test.web.client.TestRestTemplateContextCustomizer@362f8aae], resourceBasePath = 'src/main/webapp', contextLoader = 'org.springframework.boot.test.context.SpringBootContextLoader', parent = [null]], attributes = map['org.springframework.test.context.web.ServletTestExecutionListener.activateListener' -> true, 'org.springframework.test.context.web.ServletTestExecutionListener.populatedRequestContextHolder' -> true, 'org.springframework.test.context.web.ServletTestExecutionListener.resetRequestContextHolder' -> true]]; transaction manager [org.springframework.orm.jpa.JpaTransactionManager@461e714e]; rollback [true]
Hibernate: select count(*) as col_0_0_ from recibo reciboenti0_ cross join vehiculo vehiculoen1_ where reciboenti0_.vehiculo_entity_id=vehiculoen1_.id and vehiculoen1_.tipo=? and (reciboenti0_.fecha_de_salida is null)
Hibernate: select vehiculoen0_.id as id1_1_, vehiculoen0_.cilindraje as cilindra2_1_, vehiculoen0_.placa as placa3_1_, vehiculoen0_.tipo as tipo4_1_ from vehiculo vehiculoen0_ where vehiculoen0_.placa=?
Hibernate: call next value for hibernate_sequence
Hibernate: insert into vehiculo (cilindraje, placa, tipo, id) values (?, ?, ?, ?)
Hibernate: select reciboenti0_.id as id1_0_, reciboenti0_.fecha_de_ingreso as fecha_de2_0_, reciboenti0_.fecha_de_salida as fecha_de3_0_, reciboenti0_.total as total4_0_, reciboenti0_.vehiculo_entity_id as vehiculo5_0_ from recibo reciboenti0_ cross join vehiculo vehiculoen1_ where reciboenti0_.vehiculo_entity_id=vehiculoen1_.id and vehiculoen1_.placa=? and (reciboenti0_.fecha_de_salida is null)
Hibernate: select vehiculoen0_.id as id1_1_, vehiculoen0_.cilindraje as cilindra2_1_, vehiculoen0_.placa as placa3_1_, vehiculoen0_.tipo as tipo4_1_ from vehiculo vehiculoen0_ where vehiculoen0_.placa=?
Hibernate: call next value for hibernate_sequence
2018-08-01 15:27:26.700  INFO 10824 --- [    Test worker] o.s.t.c.transaction.TransactionContext   : Rolled back transaction for test: [DefaultTestContext@16995564 testClass = VigilanteTest, testInstance = dominioTest.VigilanteTest@2ee822eb, testMethod = ingresarMotoTest@VigilanteTest, testException = [null], mergedContextConfiguration = [WebMergedContextConfiguration@739c41b1 testClass = VigilanteTest, locations = '{}', classes = '{class com.example.ceibaparqueadero.CeibaParqueaderoApplication, class com.example.ceibaparqueadero.CeibaParqueaderoApplication}', contextInitializerClasses = '[]', activeProfiles = '{}', propertySourceLocations = '{}', propertySourceProperties = '{org.springframework.boot.test.context.SpringBootTestContextBootstrapper=true}', contextCustomizers = set[org.springframework.boot.test.autoconfigure.OverrideAutoConfigurationContextCustomizerFactory$DisableAutoConfigurationContextCustomizer@218e68c0, org.springframework.boot.test.autoconfigure.filter.TypeExcludeFiltersContextCustomizer@351584c0, org.springframework.boot.test.autoconfigure.properties.PropertyMappingContextCustomizer@571b645a, org.springframework.boot.test.autoconfigure.web.servlet.WebDriverContextCustomizerFactory$Customizer@7a1310db, [ImportsContextCustomizer@2297d3e2 key = [org.springframework.boot.autoconfigure.cache.CacheAutoConfiguration, org.springframework.boot.autoconfigure.data.jpa.JpaRepositoriesAutoConfiguration, org.springframework.boot.autoconfigure.flyway.FlywayAutoConfiguration, org.springframework.boot.autoconfigure.jdbc.DataSourceAutoConfiguration, org.springframework.boot.autoconfigure.jdbc.DataSourceTransactionManagerAutoConfiguration, org.springframework.boot.autoconfigure.jdbc.JdbcTemplateAutoConfiguration, org.springframework.boot.autoconfigure.liquibase.LiquibaseAutoConfiguration, org.springframework.boot.autoconfigure.orm.jpa.HibernateJpaAutoConfiguration, org.springframework.boot.autoconfigure.transaction.TransactionAutoConfiguration, org.springframework.boot.test.autoconfigure.jdbc.TestDatabaseAutoConfiguration, org.springframework.boot.test.autoconfigure.orm.jpa.TestEntityManagerAutoConfiguration]], org.springframework.boot.test.context.filter.ExcludeFilterContextCustomizer@5cf4f6e9, org.springframework.boot.test.json.DuplicateJsonObjectContextCustomizerFactory$DuplicateJsonObjectContextCustomizer@727e2a11, org.springframework.boot.test.mock.mockito.MockitoContextCustomizer@0, org.springframework.boot.test.web.client.TestRestTemplateContextCustomizer@362f8aae], resourceBasePath = 'src/main/webapp', contextLoader = 'org.springframework.boot.test.context.SpringBootContextLoader', parent = [null]], attributes = map['org.springframework.test.context.web.ServletTestExecutionListener.activateListener' -> true, 'org.springframework.test.context.web.ServletTestExecutionListener.populatedRequestContextHolder' -> true, 'org.springframework.test.context.web.ServletTestExecutionListener.resetRequestContextHolder' -> true]]
2018-08-01 15:27:26.705  INFO 10824 --- [    Test worker] o.s.t.c.transaction.TransactionContext   : Began transaction (1) for test context [DefaultTestContext@16995564 testClass = VigilanteTest, testInstance = dominioTest.VigilanteTest@6e316869, testMethod = ingresarCarroTest@VigilanteTest, testException = [null], mergedContextConfiguration = [WebMergedContextConfiguration@739c41b1 testClass = VigilanteTest, locations = '{}', classes = '{class com.example.ceibaparqueadero.CeibaParqueaderoApplication, class com.example.ceibaparqueadero.CeibaParqueaderoApplication}', contextInitializerClasses = '[]', activeProfiles = '{}', propertySourceLocations = '{}', propertySourceProperties = '{org.springframework.boot.test.context.SpringBootTestContextBootstrapper=true}', contextCustomizers = set[org.springframework.boot.test.autoconfigure.OverrideAutoConfigurationContextCustomizerFactory$DisableAutoConfigurationContextCustomizer@218e68c0, org.springframework.boot.test.autoconfigure.filter.TypeExcludeFiltersContextCustomizer@351584c0, org.springframework.boot.test.autoconfigure.properties.PropertyMappingContextCustomizer@571b645a, org.springframework.boot.test.autoconfigure.web.servlet.WebDriverContextCustomizerFactory$Customizer@7a1310db, [ImportsContextCustomizer@2297d3e2 key = [org.springframework.boot.autoconfigure.cache.CacheAutoConfiguration, org.springframework.boot.autoconfigure.data.jpa.JpaRepositoriesAutoConfiguration, org.springframework.boot.autoconfigure.flyway.FlywayAutoConfiguration, org.springframework.boot.autoconfigure.jdbc.DataSourceAutoConfiguration, org.springframework.boot.autoconfigure.jdbc.DataSourceTransactionManagerAutoConfiguration, org.springframework.boot.autoconfigure.jdbc.JdbcTemplateAutoConfiguration, org.springframework.boot.autoconfigure.liquibase.LiquibaseAutoConfiguration, org.springframework.boot.autoconfigure.orm.jpa.HibernateJpaAutoConfiguration, org.springframework.boot.autoconfigure.transaction.TransactionAutoConfiguration, org.springframework.boot.test.autoconfigure.jdbc.TestDatabaseAutoConfiguration, org.springframework.boot.test.autoconfigure.orm.jpa.TestEntityManagerAutoConfiguration]], org.springframework.boot.test.context.filter.ExcludeFilterContextCustomizer@5cf4f6e9, org.springframework.boot.test.json.DuplicateJsonObjectContextCustomizerFactory$DuplicateJsonObjectContextCustomizer@727e2a11, org.springframework.boot.test.mock.mockito.MockitoContextCustomizer@0, org.springframework.boot.test.web.client.TestRestTemplateContextCustomizer@362f8aae], resourceBasePath = 'src/main/webapp', contextLoader = 'org.springframework.boot.test.context.SpringBootContextLoader', parent = [null]], attributes = map['org.springframework.test.context.web.ServletTestExecutionListener.activateListener' -> true, 'org.springframework.test.context.web.ServletTestExecutionListener.populatedRequestContextHolder' -> true, 'org.springframework.test.context.web.ServletTestExecutionListener.resetRequestContextHolder' -> true]]; transaction manager [org.springframework.orm.jpa.JpaTransactionManager@461e714e]; rollback [true]
Hibernate: select count(*) as col_0_0_ from recibo reciboenti0_ cross join vehiculo vehiculoen1_ where reciboenti0_.vehiculo_entity_id=vehiculoen1_.id and vehiculoen1_.tipo=? and (reciboenti0_.fecha_de_salida is null)
Hibernate: select vehiculoen0_.id as id1_1_, vehiculoen0_.cilindraje as cilindra2_1_, vehiculoen0_.placa as placa3_1_, vehiculoen0_.tipo as tipo4_1_ from vehiculo vehiculoen0_ where vehiculoen0_.placa=?
Hibernate: call next value for hibernate_sequence
Hibernate: insert into vehiculo (cilindraje, placa, tipo, id) values (?, ?, ?, ?)
Hibernate: select reciboenti0_.id as id1_0_, reciboenti0_.fecha_de_ingreso as fecha_de2_0_, reciboenti0_.fecha_de_salida as fecha_de3_0_, reciboenti0_.total as total4_0_, reciboenti0_.vehiculo_entity_id as vehiculo5_0_ from recibo reciboenti0_ cross join vehiculo vehiculoen1_ where reciboenti0_.vehiculo_entity_id=vehiculoen1_.id and vehiculoen1_.placa=? and (reciboenti0_.fecha_de_salida is null)
Hibernate: select vehiculoen0_.id as id1_1_, vehiculoen0_.cilindraje as cilindra2_1_, vehiculoen0_.placa as placa3_1_, vehiculoen0_.tipo as tipo4_1_ from vehiculo vehiculoen0_ where vehiculoen0_.placa=?
Hibernate: call next value for hibernate_sequence
2018-08-01 15:27:26.720  INFO 10824 --- [    Test worker] o.s.t.c.transaction.TransactionContext   : Rolled back transaction for test: [DefaultTestContext@16995564 testClass = VigilanteTest, testInstance = dominioTest.VigilanteTest@6e316869, testMethod = ingresarCarroTest@VigilanteTest, testException = [null], mergedContextConfiguration = [WebMergedContextConfiguration@739c41b1 testClass = VigilanteTest, locations = '{}', classes = '{class com.example.ceibaparqueadero.CeibaParqueaderoApplication, class com.example.ceibaparqueadero.CeibaParqueaderoApplication}', contextInitializerClasses = '[]', activeProfiles = '{}', propertySourceLocations = '{}', propertySourceProperties = '{org.springframework.boot.test.context.SpringBootTestContextBootstrapper=true}', contextCustomizers = set[org.springframework.boot.test.autoconfigure.OverrideAutoConfigurationContextCustomizerFactory$DisableAutoConfigurationContextCustomizer@218e68c0, org.springframework.boot.test.autoconfigure.filter.TypeExcludeFiltersContextCustomizer@351584c0, org.springframework.boot.test.autoconfigure.properties.PropertyMappingContextCustomizer@571b645a, org.springframework.boot.test.autoconfigure.web.servlet.WebDriverContextCustomizerFactory$Customizer@7a1310db, [ImportsContextCustomizer@2297d3e2 key = [org.springframework.boot.autoconfigure.cache.CacheAutoConfiguration, org.springframework.boot.autoconfigure.data.jpa.JpaRepositoriesAutoConfiguration, org.springframework.boot.autoconfigure.flyway.FlywayAutoConfiguration, org.springframework.boot.autoconfigure.jdbc.DataSourceAutoConfiguration, org.springframework.boot.autoconfigure.jdbc.DataSourceTransactionManagerAutoConfiguration, org.springframework.boot.autoconfigure.jdbc.JdbcTemplateAutoConfiguration, org.springframework.boot.autoconfigure.liquibase.LiquibaseAutoConfiguration, org.springframework.boot.autoconfigure.orm.jpa.HibernateJpaAutoConfiguration, org.springframework.boot.autoconfigure.transaction.TransactionAutoConfiguration, org.springframework.boot.test.autoconfigure.jdbc.TestDatabaseAutoConfiguration, org.springframework.boot.test.autoconfigure.orm.jpa.TestEntityManagerAutoConfiguration]], org.springframework.boot.test.context.filter.ExcludeFilterContextCustomizer@5cf4f6e9, org.springframework.boot.test.json.DuplicateJsonObjectContextCustomizerFactory$DuplicateJsonObjectContextCustomizer@727e2a11, org.springframework.boot.test.mock.mockito.MockitoContextCustomizer@0, org.springframework.boot.test.web.client.TestRestTemplateContextCustomizer@362f8aae], resourceBasePath = 'src/main/webapp', contextLoader = 'org.springframework.boot.test.context.SpringBootContextLoader', parent = [null]], attributes = map['org.springframework.test.context.web.ServletTestExecutionListener.activateListener' -> true, 'org.springframework.test.context.web.ServletTestExecutionListener.populatedRequestContextHolder' -> true, 'org.springframework.test.context.web.ServletTestExecutionListener.resetRequestContextHolder' -> true]]
2018-08-01 15:27:26.724  INFO 10824 --- [    Test worker] o.s.t.c.transaction.TransactionContext   : Began transaction (1) for test context [DefaultTestContext@16995564 testClass = VigilanteTest, testInstance = dominioTest.VigilanteTest@319a502b, testMethod = existeVehiculoTests@VigilanteTest, testException = [null], mergedContextConfiguration = [WebMergedContextConfiguration@739c41b1 testClass = VigilanteTest, locations = '{}', classes = '{class com.example.ceibaparqueadero.CeibaParqueaderoApplication, class com.example.ceibaparqueadero.CeibaParqueaderoApplication}', contextInitializerClasses = '[]', activeProfiles = '{}', propertySourceLocations = '{}', propertySourceProperties = '{org.springframework.boot.test.context.SpringBootTestContextBootstrapper=true}', contextCustomizers = set[org.springframework.boot.test.autoconfigure.OverrideAutoConfigurationContextCustomizerFactory$DisableAutoConfigurationContextCustomizer@218e68c0, org.springframework.boot.test.autoconfigure.filter.TypeExcludeFiltersContextCustomizer@351584c0, org.springframework.boot.test.autoconfigure.properties.PropertyMappingContextCustomizer@571b645a, org.springframework.boot.test.autoconfigure.web.servlet.WebDriverContextCustomizerFactory$Customizer@7a1310db, [ImportsContextCustomizer@2297d3e2 key = [org.springframework.boot.autoconfigure.cache.CacheAutoConfiguration, org.springframework.boot.autoconfigure.data.jpa.JpaRepositoriesAutoConfiguration, org.springframework.boot.autoconfigure.flyway.FlywayAutoConfiguration, org.springframework.boot.autoconfigure.jdbc.DataSourceAutoConfiguration, org.springframework.boot.autoconfigure.jdbc.DataSourceTransactionManagerAutoConfiguration, org.springframework.boot.autoconfigure.jdbc.JdbcTemplateAutoConfiguration, org.springframework.boot.autoconfigure.liquibase.LiquibaseAutoConfiguration, org.springframework.boot.autoconfigure.orm.jpa.HibernateJpaAutoConfiguration, org.springframework.boot.autoconfigure.transaction.TransactionAutoConfiguration, org.springframework.boot.test.autoconfigure.jdbc.TestDatabaseAutoConfiguration, org.springframework.boot.test.autoconfigure.orm.jpa.TestEntityManagerAutoConfiguration]], org.springframework.boot.test.context.filter.ExcludeFilterContextCustomizer@5cf4f6e9, org.springframework.boot.test.json.DuplicateJsonObjectContextCustomizerFactory$DuplicateJsonObjectContextCustomizer@727e2a11, org.springframework.boot.test.mock.mockito.MockitoContextCustomizer@0, org.springframework.boot.test.web.client.TestRestTemplateContextCustomizer@362f8aae], resourceBasePath = 'src/main/webapp', contextLoader = 'org.springframework.boot.test.context.SpringBootContextLoader', parent = [null]], attributes = map['org.springframework.test.context.web.ServletTestExecutionListener.activateListener' -> true, 'org.springframework.test.context.web.ServletTestExecutionListener.populatedRequestContextHolder' -> true, 'org.springframework.test.context.web.ServletTestExecutionListener.resetRequestContextHolder' -> true]]; transaction manager [org.springframework.orm.jpa.JpaTransactionManager@461e714e]; rollback [true]
Hibernate: select count(*) as col_0_0_ from recibo reciboenti0_ cross join vehiculo vehiculoen1_ where reciboenti0_.vehiculo_entity_id=vehiculoen1_.id and vehiculoen1_.tipo=? and (reciboenti0_.fecha_de_salida is null)
Hibernate: select vehiculoen0_.id as id1_1_, vehiculoen0_.cilindraje as cilindra2_1_, vehiculoen0_.placa as placa3_1_, vehiculoen0_.tipo as tipo4_1_ from vehiculo vehiculoen0_ where vehiculoen0_.placa=?
Hibernate: call next value for hibernate_sequence
Hibernate: insert into vehiculo (cilindraje, placa, tipo, id) values (?, ?, ?, ?)
Hibernate: select reciboenti0_.id as id1_0_, reciboenti0_.fecha_de_ingreso as fecha_de2_0_, reciboenti0_.fecha_de_salida as fecha_de3_0_, reciboenti0_.total as total4_0_, reciboenti0_.vehiculo_entity_id as vehiculo5_0_ from recibo reciboenti0_ cross join vehiculo vehiculoen1_ where reciboenti0_.vehiculo_entity_id=vehiculoen1_.id and vehiculoen1_.placa=? and (reciboenti0_.fecha_de_salida is null)
Hibernate: select vehiculoen0_.id as id1_1_, vehiculoen0_.cilindraje as cilindra2_1_, vehiculoen0_.placa as placa3_1_, vehiculoen0_.tipo as tipo4_1_ from vehiculo vehiculoen0_ where vehiculoen0_.placa=?
Hibernate: call next value for hibernate_sequence
Hibernate: select vehiculoen0_.id as id1_1_, vehiculoen0_.cilindraje as cilindra2_1_, vehiculoen0_.placa as placa3_1_, vehiculoen0_.tipo as tipo4_1_ from vehiculo vehiculoen0_ where vehiculoen0_.placa=?
2018-08-01 15:27:26.737  INFO 10824 --- [    Test worker] o.s.t.c.transaction.TransactionContext   : Rolled back transaction for test: [DefaultTestContext@16995564 testClass = VigilanteTest, testInstance = dominioTest.VigilanteTest@319a502b, testMethod = existeVehiculoTests@VigilanteTest, testException = [null], mergedContextConfiguration = [WebMergedContextConfiguration@739c41b1 testClass = VigilanteTest, locations = '{}', classes = '{class com.example.ceibaparqueadero.CeibaParqueaderoApplication, class com.example.ceibaparqueadero.CeibaParqueaderoApplication}', contextInitializerClasses = '[]', activeProfiles = '{}', propertySourceLocations = '{}', propertySourceProperties = '{org.springframework.boot.test.context.SpringBootTestContextBootstrapper=true}', contextCustomizers = set[org.springframework.boot.test.autoconfigure.OverrideAutoConfigurationContextCustomizerFactory$DisableAutoConfigurationContextCustomizer@218e68c0, org.springframework.boot.test.autoconfigure.filter.TypeExcludeFiltersContextCustomizer@351584c0, org.springframework.boot.test.autoconfigure.properties.PropertyMappingContextCustomizer@571b645a, org.springframework.boot.test.autoconfigure.web.servlet.WebDriverContextCustomizerFactory$Customizer@7a1310db, [ImportsContextCustomizer@2297d3e2 key = [org.springframework.boot.autoconfigure.cache.CacheAutoConfiguration, org.springframework.boot.autoconfigure.data.jpa.JpaRepositoriesAutoConfiguration, org.springframework.boot.autoconfigure.flyway.FlywayAutoConfiguration, org.springframework.boot.autoconfigure.jdbc.DataSourceAutoConfiguration, org.springframework.boot.autoconfigure.jdbc.DataSourceTransactionManagerAutoConfiguration, org.springframework.boot.autoconfigure.jdbc.JdbcTemplateAutoConfiguration, org.springframework.boot.autoconfigure.liquibase.LiquibaseAutoConfiguration, org.springframework.boot.autoconfigure.orm.jpa.HibernateJpaAutoConfiguration, org.springframework.boot.autoconfigure.transaction.TransactionAutoConfiguration, org.springframework.boot.test.autoconfigure.jdbc.TestDatabaseAutoConfiguration, org.springframework.boot.test.autoconfigure.orm.jpa.TestEntityManagerAutoConfiguration]], org.springframework.boot.test.context.filter.ExcludeFilterContextCustomizer@5cf4f6e9, org.springframework.boot.test.json.DuplicateJsonObjectContextCustomizerFactory$DuplicateJsonObjectContextCustomizer@727e2a11, org.springframework.boot.test.mock.mockito.MockitoContextCustomizer@0, org.springframework.boot.test.web.client.TestRestTemplateContextCustomizer@362f8aae], resourceBasePath = 'src/main/webapp', contextLoader = 'org.springframework.boot.test.context.SpringBootContextLoader', parent = [null]], attributes = map['org.springframework.test.context.web.ServletTestExecutionListener.activateListener' -> true, 'org.springframework.test.context.web.ServletTestExecutionListener.populatedRequestContextHolder' -> true, 'org.springframework.test.context.web.ServletTestExecutionListener.resetRequestContextHolder' -> true]]
2018-08-01 15:27:26.743  INFO 10824 --- [    Test worker] o.s.t.c.transaction.TransactionContext   : Began transaction (1) for test context [DefaultTestContext@16995564 testClass = VigilanteTest, testInstance = dominioTest.VigilanteTest@195def4f, testMethod = noExisteVehiculoTests@VigilanteTest, testException = [null], mergedContextConfiguration = [WebMergedContextConfiguration@739c41b1 testClass = VigilanteTest, locations = '{}', classes = '{class com.example.ceibaparqueadero.CeibaParqueaderoApplication, class com.example.ceibaparqueadero.CeibaParqueaderoApplication}', contextInitializerClasses = '[]', activeProfiles = '{}', propertySourceLocations = '{}', propertySourceProperties = '{org.springframework.boot.test.context.SpringBootTestContextBootstrapper=true}', contextCustomizers = set[org.springframework.boot.test.autoconfigure.OverrideAutoConfigurationContextCustomizerFactory$DisableAutoConfigurationContextCustomizer@218e68c0, org.springframework.boot.test.autoconfigure.filter.TypeExcludeFiltersContextCustomizer@351584c0, org.springframework.boot.test.autoconfigure.properties.PropertyMappingContextCustomizer@571b645a, org.springframework.boot.test.autoconfigure.web.servlet.WebDriverContextCustomizerFactory$Customizer@7a1310db, [ImportsContextCustomizer@2297d3e2 key = [org.springframework.boot.autoconfigure.cache.CacheAutoConfiguration, org.springframework.boot.autoconfigure.data.jpa.JpaRepositoriesAutoConfiguration, org.springframework.boot.autoconfigure.flyway.FlywayAutoConfiguration, org.springframework.boot.autoconfigure.jdbc.DataSourceAutoConfiguration, org.springframework.boot.autoconfigure.jdbc.DataSourceTransactionManagerAutoConfiguration, org.springframework.boot.autoconfigure.jdbc.JdbcTemplateAutoConfiguration, org.springframework.boot.autoconfigure.liquibase.LiquibaseAutoConfiguration, org.springframework.boot.autoconfigure.orm.jpa.HibernateJpaAutoConfiguration, org.springframework.boot.autoconfigure.transaction.TransactionAutoConfiguration, org.springframework.boot.test.autoconfigure.jdbc.TestDatabaseAutoConfiguration, org.springframework.boot.test.autoconfigure.orm.jpa.TestEntityManagerAutoConfiguration]], org.springframework.boot.test.context.filter.ExcludeFilterContextCustomizer@5cf4f6e9, org.springframework.boot.test.json.DuplicateJsonObjectContextCustomizerFactory$DuplicateJsonObjectContextCustomizer@727e2a11, org.springframework.boot.test.mock.mockito.MockitoContextCustomizer@0, org.springframework.boot.test.web.client.TestRestTemplateContextCustomizer@362f8aae], resourceBasePath = 'src/main/webapp', contextLoader = 'org.springframework.boot.test.context.SpringBootContextLoader', parent = [null]], attributes = map['org.springframework.test.context.web.ServletTestExecutionListener.activateListener' -> true, 'org.springframework.test.context.web.ServletTestExecutionListener.populatedRequestContextHolder' -> true, 'org.springframework.test.context.web.ServletTestExecutionListener.resetRequestContextHolder' -> true]]; transaction manager [org.springframework.orm.jpa.JpaTransactionManager@461e714e]; rollback [true]
Hibernate: select count(*) as col_0_0_ from recibo reciboenti0_ cross join vehiculo vehiculoen1_ where reciboenti0_.vehiculo_entity_id=vehiculoen1_.id and vehiculoen1_.tipo=? and (reciboenti0_.fecha_de_salida is null)
Hibernate: select vehiculoen0_.id as id1_1_, vehiculoen0_.cilindraje as cilindra2_1_, vehiculoen0_.placa as placa3_1_, vehiculoen0_.tipo as tipo4_1_ from vehiculo vehiculoen0_ where vehiculoen0_.placa=?
Hibernate: call next value for hibernate_sequence
Hibernate: insert into vehiculo (cilindraje, placa, tipo, id) values (?, ?, ?, ?)
Hibernate: select reciboenti0_.id as id1_0_, reciboenti0_.fecha_de_ingreso as fecha_de2_0_, reciboenti0_.fecha_de_salida as fecha_de3_0_, reciboenti0_.total as total4_0_, reciboenti0_.vehiculo_entity_id as vehiculo5_0_ from recibo reciboenti0_ cross join vehiculo vehiculoen1_ where reciboenti0_.vehiculo_entity_id=vehiculoen1_.id and vehiculoen1_.placa=? and (reciboenti0_.fecha_de_salida is null)
Hibernate: select vehiculoen0_.id as id1_1_, vehiculoen0_.cilindraje as cilindra2_1_, vehiculoen0_.placa as placa3_1_, vehiculoen0_.tipo as tipo4_1_ from vehiculo vehiculoen0_ where vehiculoen0_.placa=?
Hibernate: call next value for hibernate_sequence
Hibernate: select vehiculoen0_.id as id1_1_, vehiculoen0_.cilindraje as cilindra2_1_, vehiculoen0_.placa as placa3_1_, vehiculoen0_.tipo as tipo4_1_ from vehiculo vehiculoen0_ where vehiculoen0_.placa=?
2018-08-01 15:27:26.760  INFO 10824 --- [    Test worker] o.s.t.c.transaction.TransactionContext   : Rolled back transaction for test: [DefaultTestContext@16995564 testClass = VigilanteTest, testInstance = dominioTest.VigilanteTest@195def4f, testMethod = noExisteVehiculoTests@VigilanteTest, testException = [null], mergedContextConfiguration = [WebMergedContextConfiguration@739c41b1 testClass = VigilanteTest, locations = '{}', classes = '{class com.example.ceibaparqueadero.CeibaParqueaderoApplication, class com.example.ceibaparqueadero.CeibaParqueaderoApplication}', contextInitializerClasses = '[]', activeProfiles = '{}', propertySourceLocations = '{}', propertySourceProperties = '{org.springframework.boot.test.context.SpringBootTestContextBootstrapper=true}', contextCustomizers = set[org.springframework.boot.test.autoconfigure.OverrideAutoConfigurationContextCustomizerFactory$DisableAutoConfigurationContextCustomizer@218e68c0, org.springframework.boot.test.autoconfigure.filter.TypeExcludeFiltersContextCustomizer@351584c0, org.springframework.boot.test.autoconfigure.properties.PropertyMappingContextCustomizer@571b645a, org.springframework.boot.test.autoconfigure.web.servlet.WebDriverContextCustomizerFactory$Customizer@7a1310db, [ImportsContextCustomizer@2297d3e2 key = [org.springframework.boot.autoconfigure.cache.CacheAutoConfiguration, org.springframework.boot.autoconfigure.data.jpa.JpaRepositoriesAutoConfiguration, org.springframework.boot.autoconfigure.flyway.FlywayAutoConfiguration, org.springframework.boot.autoconfigure.jdbc.DataSourceAutoConfiguration, org.springframework.boot.autoconfigure.jdbc.DataSourceTransactionManagerAutoConfiguration, org.springframework.boot.autoconfigure.jdbc.JdbcTemplateAutoConfiguration, org.springframework.boot.autoconfigure.liquibase.LiquibaseAutoConfiguration, org.springframework.boot.autoconfigure.orm.jpa.HibernateJpaAutoConfiguration, org.springframework.boot.autoconfigure.transaction.TransactionAutoConfiguration, org.springframework.boot.test.autoconfigure.jdbc.TestDatabaseAutoConfiguration, org.springframework.boot.test.autoconfigure.orm.jpa.TestEntityManagerAutoConfiguration]], org.springframework.boot.test.context.filter.ExcludeFilterContextCustomizer@5cf4f6e9, org.springframework.boot.test.json.DuplicateJsonObjectContextCustomizerFactory$DuplicateJsonObjectContextCustomizer@727e2a11, org.springframework.boot.test.mock.mockito.MockitoContextCustomizer@0, org.springframework.boot.test.web.client.TestRestTemplateContextCustomizer@362f8aae], resourceBasePath = 'src/main/webapp', contextLoader = 'org.springframework.boot.test.context.SpringBootContextLoader', parent = [null]], attributes = map['org.springframework.test.context.web.ServletTestExecutionListener.activateListener' -> true, 'org.springframework.test.context.web.ServletTestExecutionListener.populatedRequestContextHolder' -> true, 'org.springframework.test.context.web.ServletTestExecutionListener.resetRequestContextHolder' -> true]]
]]></system-out>
  <system-err><![CDATA[]]></system-err>
</testsuite>
