<?xml version="1.0" encoding="UTF-8"?>
<testsuite name="dominio.unitaria.VehiculoTest" tests="2" skipped="0" failures="0" errors="0" timestamp="2018-08-01T20:27:25" hostname="JESSICA-ALARCON" time="0.001">
  <properties/>
  <testcase name="recibirUnaMotoTest" classname="dominio.unitaria.VehiculoTest" time="0.0"/>
  <testcase name="recibirUnCarroTest" classname="dominio.unitaria.VehiculoTest" time="0.0"/>
  <system-out><![CDATA[]]></system-out>
  <system-err><![CDATA[]]></system-err>
</testsuite>
