<?xml version="1.0" encoding="UTF-8"?>
<testsuite name="dominioTest.ReciboTest" tests="2" skipped="0" failures="0" errors="0" timestamp="2018-08-01T20:27:25" hostname="JESSICA-ALARCON" time="0.001">
  <properties/>
  <testcase name="crearReciboSalida" classname="dominioTest.ReciboTest" time="0.001"/>
  <testcase name="crearReciboIngreso" classname="dominioTest.ReciboTest" time="0.0"/>
  <system-out><![CDATA[]]></system-out>
  <system-err><![CDATA[]]></system-err>
</testsuite>
