<?xml version="1.0" encoding="UTF-8"?>
<testsuite name="dominio.logica.CalcularCobroTest" tests="3" skipped="0" failures="0" errors="0" timestamp="2018-08-01T20:27:25" hostname="JESSICA-ALARCON" time="0.003">
  <properties/>
  <testcase name="calcularCobroTestMenosDeUnaHora" classname="dominio.logica.CalcularCobroTest" time="0.001"/>
  <testcase name="calcularCobroTestUnDiaYTresHoras" classname="dominio.logica.CalcularCobroTest" time="0.001"/>
  <testcase name="calcularCobroTestUnaHora" classname="dominio.logica.CalcularCobroTest" time="0.0"/>
  <system-out><![CDATA[]]></system-out>
  <system-err><![CDATA[]]></system-err>
</testsuite>
